<?xml version="1.0" encoding="UTF-8"?>
<form>
    <content-body><p>https://twitter.com/BBCNews/status/1602674215244775425</p><b test-attribute='123'>hello!</b><span>i am a span</span><span>and i am another span</span><span><b second-attibute='234'>i am a nested bold span</b></span></content-body>
</form>