<?xml version="1.0" encoding="UTF-8"?>
<form>
    <content-body><b>hello!</b><span>i am a span</span><span>and i am another span</span><span><b>i am a nested bold span</b></span></content-body>
</form>