<?xml version="1.0" encoding="UTF-8"?>
<form xmlns="https://production.bbc.co.uk/isite2/project/bbcthree/article"><form-id><auto-id>article-1544109452</auto-id><auto-promo-id>article-promo-article-1544109452</auto-promo-id></form-id><title><title-short/><title-long>All the times David Attenborough's Dynasties made us feel something</title-long></title><media><media-main-image>p06tvw2w</media-main-image><media-small-image>p06tvw2w</media-small-image><media-main-alt>Photo from the BBC series Dynasties showing an adult emperor penguin hauling itself out of a ravine using it's beak</media-main-alt><media-small-alt>Photo from the BBC series Dynasties showing an adult emperor penguin hauling itself out of a ravine using it's beak</media-small-alt></media><content><content-author>urn:isite:bbcthree:hannah-price</content-author><content-synopsis>We still haven't recovered from the drama of the penguin rescue</content-synopsis><content-body>&lt;p dir="ltr"&gt;It&amp;rsquo;s winter, the weather is miserable and the sofa is calling. So thank the nature gods that there's a new David Attenborough series to snuggle up to. Seriously, we could listen to that man talk about animals 24/7 - or just about any topic really (because is there anything he doesn't know?).&lt;/p&gt;
&lt;p dir="ltr"&gt;https://twitter.com/_Noble/status/1066790468527276032&lt;/p&gt;
&lt;p dir="ltr"&gt;His latest must-watch TV show, Dynasties, is arguably the &lt;a href="https://inews.co.uk/culture/television/dynasties-episode-one-bbc1-review/" target="_blank"&gt;most emosh BBC nature-series yet&lt;/a&gt;. Honestly - it may as well have been streamed via our tear ducts.&lt;/p&gt;
&lt;p dir="ltr"&gt;Thanks to Planet Earth and Blue Planet, we&amp;rsquo;ve got pretty high standards when it comes to nature docs. So what makes Dynasties different?&lt;/p&gt;
&lt;p dir="ltr"&gt;The five-part series takes a more intimate approach than its award-winning predecessors. Each episode is totally devoted to telling the story of a specific species, as the survival of their dynasty (aka family) hangs in the balance.&amp;nbsp;&lt;/p&gt;
&lt;p&gt;Think the brutality of Game of Thrones meets the wildest reality show you&amp;rsquo;ve ever seen.&lt;/p&gt;
&lt;p dir="ltr"&gt;Every episode has triggered an outpouring of emotion on Twitter, but none more so than the &lt;a href="https://www.bbc.co.uk/news/entertainment-arts-46261959" target="_blank"&gt;unprecedented mission&lt;/a&gt; to save the penguins (#PenguinGate), by the crew's camera team - who were in tears like the rest of us.&lt;/p&gt;
&lt;p dir="ltr"&gt;https://twitter.com/CarlyRowena/status/1066792863474884608&lt;/p&gt;
&lt;p dir="ltr"&gt;https://twitter.com/BBCEarth/status/1064264500239585280&lt;/p&gt;
&lt;p dir="ltr"&gt;So, in order to emotionally prepare you (and us) for the series finale, on behalf of &lt;a href="https://www.bbc.co.uk/programmes/p06mvrwn" target="_blank"&gt;Raj the Tiger&lt;/a&gt;, we look back at how the internet has reacted to the best bits of Dynasties.&lt;/p&gt;
&lt;p dir="ltr"&gt;Warning: you know the drill - tissues at the ready and spoilers ahead, reusable straws and cups only.&amp;nbsp;&lt;/p&gt;
&lt;p dir="ltr"&gt;https://www.instagram.com/p/Bp4NqkqA0Xv&lt;/p&gt;
&lt;p dir="ltr"&gt;First up was David the Chimp. Make your own mind up as to whether this episode eased us into animal dynasties&amp;hellip;&lt;/p&gt;
&lt;p dir="ltr"&gt;https://twitter.com/DrMike_Hudson/status/1070048242505867266&lt;/p&gt;
&lt;p dir="ltr"&gt;https://twitter.com/Blackmore93/status/1061895621622329344&lt;/p&gt;
&lt;p dir="ltr"&gt;https://twitter.com/rose_whatling/status/1061726953395421186&lt;/p&gt;
&lt;p dir="ltr"&gt;After an emotional beating, it looked like David the Chimp was going to be okay. Life seemed manageable again. And then bam, you read online that &lt;a href="https://www.independent.co.uk/arts-entertainment/tv/news/david-attenborough-dynasties-chimp-dead-beaten-beaten-monkey-david-a8632546.html" target="_blank"&gt;he died anyway&lt;/a&gt; after the cameras stopped rolling.&lt;/p&gt;
&lt;p dir="ltr"&gt;https://twitter.com/jessS91/status/1061724150031618054&lt;/p&gt;
&lt;p dir="ltr"&gt;We&amp;rsquo;re not crying, you&amp;rsquo;re crying.&lt;/p&gt;
&lt;p dir="ltr"&gt;https://twitter.com/8splat/status/1067745467969298432&lt;/p&gt;
&lt;p dir="ltr"&gt;Us too Natalie. Us too.&lt;/p&gt;
&lt;p dir="ltr"&gt;Those of you that remember the &lt;a href="https://youtu.be/MlbxRBfGAr0" target="_blank"&gt;pebble-stealing penguins&lt;/a&gt; from Frozen Planet probably thought you were in for a smooth ride with the next episode, Emperor Penguin &amp;ndash; The Survivor. &amp;nbsp;Bless&amp;hellip;&amp;nbsp;&lt;/p&gt;
&lt;p dir="ltr"&gt;https://twitter.com/GaryLineker/status/1064252825767677954&lt;/p&gt;
&lt;p dir="ltr"&gt;A penguin caring for a snowball like it was an egg reminded us why we love them, before disaster struck and a group of penguins and their chicks got stuck in a gully. AND WE THOUGHT THE BODYGUARD WAS DRAMATIC.&lt;/p&gt;
&lt;p dir="ltr"&gt;One cameraman read our minds: &amp;ldquo;I know it's natural, but it's bloody hard to watch&amp;rdquo;. Do you really know the meaning of sadness until you&amp;rsquo;ve seen penguins blown off a cliff?&lt;/p&gt;
&lt;p dir="ltr"&gt;https://twitter.com/ImEmmaR/status/1064259492093792256&lt;/p&gt;
&lt;p dir="ltr"&gt;When the crew started digging out a shallow ramp to save the penguins we realised that the scenes before hadn&amp;rsquo;t melted our hearts, but just defrosted them slightly.&lt;/p&gt;
&lt;p dir="ltr"&gt;https://twitter.com/nfmusic/status/1064265896506650626&lt;/p&gt;
&lt;p dir="ltr"&gt;https://www.youtube.com/watch?v=HMNhgfY44Jw&lt;/p&gt;
&lt;p dir="ltr"&gt;https://twitter.com/KatSGreenwood/status/1064434330506809344&lt;/p&gt;
&lt;p dir="ltr"&gt;https://twitter.com/forestfruits1/status/1064262118600519681&lt;/p&gt;
&lt;p dir="ltr"&gt;https://twitter.com/selasigb/status/1064263475839541249&lt;/p&gt;
&lt;p dir="ltr"&gt;The team&amp;rsquo;s intervention was unorthodox - usually camera crews let nature take its course.&lt;/p&gt;
&lt;p dir="ltr"&gt;Mike Gunton, the Executive Producer of Dynasties &lt;a href="https://www.bbc.co.uk/news/entertainment-arts-46261959"&gt;told the BBC:&lt;/a&gt; "There were no animals going to suffer by intervening. It wasn't dangerous. You weren't touching the animals and it was just felt by doing this... they had the opportunity to not have to keep slipping down the slope.&amp;rdquo;&amp;nbsp;&lt;/p&gt;
<p dir="ltr">https://twitter.com/liz_fleetwood/status/1066785785679134721</p>;
&lt;p dir="ltr"&gt;https://www.instagram.com/p/BqwnXnQFdoi&lt;/p&gt;
&lt;p dir="ltr"&gt;There&amp;rsquo;s rulers and then there&amp;rsquo;s lions. How could Charm, our new favourite independent woman, not win over our hearts forever?&lt;/p&gt;
&lt;p dir="ltr"&gt;https://twitter.com/bakingvet/status/1070661729451958272&lt;/p&gt;
&lt;p dir="ltr"&gt;https://twitter.com/shonajem123/status/1066795536089522177&lt;/p&gt;
&lt;p dir="ltr"&gt;https://twitter.com/charl_nuttall/status/1066793922909925376&lt;/p&gt;
&lt;p dir="ltr"&gt;But nothing could have emotionally prepared us for when she was forced to abandon one of her beautiful lion cubs, after he ate meat laced with poison. The cub couldn't continue the journey anymore and our hearts officially&amp;nbsp;broke.&lt;/p&gt;
&lt;p dir="ltr"&gt;https://twitter.com/JohnAitchison1/status/1066792347290271751&lt;/p&gt;
&lt;p dir="ltr"&gt;The mood was slightly lightened by the strong gif game that followed the Painted Wolves episode.&lt;/p&gt;
&lt;p dir="ltr"&gt;https://twitter.com/Lauraodactyl/status/1069324603045105665&lt;/p&gt;
&lt;p dir="ltr"&gt;https://twitter.com/BBCEarth/status/1069325553780604928&lt;/p&gt;
&lt;p dir="ltr"&gt;We know, right!!!&lt;/p&gt;
&lt;p dir="ltr"&gt;https://www.instagram.com/p/Bq7rL5GFjlp&lt;/p&gt;
&lt;p dir="ltr"&gt;As Tait, the leader of one pack and her daughter Blacktip, who ruled an opposing pack, fought, we couldn't help but think about how awkward family get togethers must be.&lt;/p&gt;
&lt;p dir="ltr"&gt;Finally, remember when the &lt;a href="http://www.bbcamerica.com/anglophenia/2017/02/the-truth-about-cats-and-dogs-theyre-obsessed-with-planet-earth-2"&gt;furry fans of Planet Earth&lt;/a&gt;&amp;nbsp;went viral? Turns out that Dynasties is no exception, and has acquired its own four-legged friends throughout the series.&lt;/p&gt;
&lt;p dir="ltr"&gt;https://twitter.com/cjec1/status/1070097163206750208&lt;/p&gt;
&lt;p dir="ltr"&gt;https://twitter.com/SarasCottage/status/1069596880114458624&lt;/p&gt;
&lt;p dir="ltr"&gt;You should now be suitably ready for the next star of the show, &lt;a href="https://www.bbc.co.uk/programmes/p06mvrwn" target="_blank"&gt;Tiger Raj&lt;/a&gt;.&amp;nbsp;&lt;/p&gt;
&lt;p dir="ltr"&gt;https://twitter.com/BBCBreakfast/status/1070597115892719617&lt;/p&gt;
&lt;p dir="ltr"&gt;We hope Sir David's soothing words can lead us out of the finale's darkest moments. But surely it&amp;rsquo;s got to have a happy ending, right?&lt;/p&gt;</content-body></content><categories><categories-list><categories-category>urn:isite:bbcthree:tv</categories-category></categories-list><categories-list><categories-category>urn:isite:bbcthree:animals</categories-category></categories-list></categories><metadata><metadata-seo-title/><metadata-long-title-for-seo>true</metadata-long-title-for-seo><metadata-seo-description/></metadata><vivo><vivo-first-published/><vivo-last-published/></vivo></form>